2025-05-06 18:55:40,106 - AnalyticalGradient_example_with_avg - INFO - Starting analytical gradient calculation
2025-05-06 18:55:40,106 - AnalyticalGradient_example_with_avg - INFO - Processing data with n_trans=5, n_points=1000
2025-05-06 18:55:40,108 - AnalyticalGradient_example_with_avg - INFO - Estimated optimal grid dimensions (nx, ny, nz): (34, 34, 34)
2025-05-06 18:55:40,110 - AnalyticalGradient_example_with_avg - WARNING - Estimated k-space extent (5.4414) may be insufficient for the minimum spatial scale (0.0603). Consider increasing grid size or upsampling factor.
2025-05-06 18:55:40,110 - AnalyticalGradient_example_with_avg - INFO - Initializing FINUFFT plans
2025-05-06 18:55:40,135 - AnalyticalGradient_example_with_avg - INFO - Computing forward FFT
2025-05-06 18:55:40,158 - AnalyticalGradient_example_with_avg - INFO - Computing analytical radial gradient in k-space
2025-05-06 18:55:40,158 - AnalyticalGradient_example_with_avg - INFO - Computing inverse FFT for gradient map
2025-05-06 18:55:40,165 - AnalyticalGradient_example_with_avg - INFO - Computing average gradient magnitude across time points
2025-05-06 18:55:40,165 - AnalyticalGradient_example_with_avg - INFO - Interpolating gradient map onto regular grid
2025-05-06 18:55:40,256 - AnalyticalGradient_example_with_avg - INFO - Saving results to output/example_with_avg/Analytical_FFT_Gradient_Maps
2025-05-06 18:55:40,261 - AnalyticalGradient_example_with_avg - INFO - Saved average gradient map
2025-05-06 18:55:40,333 - AnalyticalGradient_example_with_avg - INFO - Saved gradient maps for all time points
2025-05-06 18:55:40,334 - AnalyticalGradient_example_with_avg - INFO - Analytical gradient calculation complete
2025-05-06 18:55:40,336 - AnalyticalGradient_example_no_avg - INFO - Starting analytical gradient calculation
2025-05-06 18:55:40,336 - AnalyticalGradient_example_no_avg - INFO - Processing data with n_trans=5, n_points=1000
2025-05-06 18:55:40,337 - AnalyticalGradient_example_no_avg - INFO - Estimated optimal grid dimensions (nx, ny, nz): (34, 34, 34)
2025-05-06 18:55:40,338 - AnalyticalGradient_example_no_avg - WARNING - Estimated k-space extent (5.4414) may be insufficient for the minimum spatial scale (0.0603). Consider increasing grid size or upsampling factor.
2025-05-06 18:55:40,338 - AnalyticalGradient_example_no_avg - INFO - Initializing FINUFFT plans
2025-05-06 18:55:40,348 - AnalyticalGradient_example_no_avg - INFO - Computing forward FFT
2025-05-06 18:55:40,370 - AnalyticalGradient_example_no_avg - INFO - Computing analytical radial gradient in k-space
2025-05-06 18:55:40,371 - AnalyticalGradient_example_no_avg - INFO - Computing inverse FFT for gradient map
2025-05-06 18:55:40,377 - AnalyticalGradient_example_no_avg - INFO - Interpolating gradient map onto regular grid
2025-05-06 18:55:40,477 - AnalyticalGradient_example_no_avg - INFO - Saving results to output/example_no_avg/Analytical_FFT_Gradient_Maps
2025-05-06 18:55:40,547 - AnalyticalGradient_example_no_avg - INFO - Saved gradient maps for all time points
2025-05-06 18:55:40,548 - AnalyticalGradient_example_no_avg - INFO - Analytical gradient calculation complete
